<?xml version="1.0" encoding="UTF-8"?>
<!-- Generated by org.testng.reporters.JUnitXMLReporter -->
<testsuite ignored="10" hostname="PE-HO-274" failures="0" tests="1" name="Default test" time="90.41" errors="0" timestamp="09 nov. 2022 15:02:29 GMT">
  <testcase classname="com.AdministracionFiniquitos.test.CrearTest" name="ConsultarFCPPortalFedepalma" time="84.659"/>
  <testcase classname="com.AdministracionFiniquitos.test.CrearTest" name="CrearFMMPortalFedepalma" time="0.0">
    <ignored/>
  </testcase> <!-- CrearFMMPortalFedepalma -->
  <testcase classname="com.AdministracionFiniquitos.test.CrearTest" name="CrearIncumplimientoPortalFedepalma" time="0.0">
    <ignored/>
  </testcase> <!-- CrearIncumplimientoPortalFedepalma -->
  <testcase classname="com.AdministracionFiniquitos.test.CrearTest" name="RevisarIFCPPortalFedepalma" time="0.0">
    <ignored/>
  </testcase> <!-- RevisarIFCPPortalFedepalma -->
  <testcase classname="com.AdministracionFiniquitos.test.CrearTest" name="CrearDEXPortalFedepalma" time="0.0">
    <ignored/>
  </testcase> <!-- CrearDEXPortalFedepalma -->
  <testcase classname="com.AdministracionFiniquitos.test.CrearTest" name="HistorialFCPPortalFedepalma" time="0.0">
    <ignored/>
  </testcase> <!-- HistorialFCPPortalFedepalma -->
  <testcase classname="com.AdministracionFiniquitos.test.CrearTest" name="EliminarFCPPortalFedepalma" time="0.0">
    <ignored/>
  </testcase> <!-- EliminarFCPPortalFedepalma -->
  <testcase classname="com.AdministracionFiniquitos.test.CrearTest" name="CrearFCPPortalFedepalma" time="0.0">
    <ignored/>
  </testcase> <!-- CrearFCPPortalFedepalma -->
  <testcase classname="com.AdministracionFiniquitos.test.CrearTest" name="EditarFCPPortalFedepalma" time="0.0">
    <ignored/>
  </testcase> <!-- EditarFCPPortalFedepalma -->
  <testcase classname="com.AdministracionFiniquitos.test.CrearTest" name="RevisarRFCPPortalFedepalma" time="0.0">
    <ignored/>
  </testcase> <!-- RevisarRFCPPortalFedepalma -->
  <testcase classname="com.AdministracionFiniquitos.test.CrearTest" name="ObservacionFCPPortalFedepalma" time="0.0">
    <ignored/>
  </testcase> <!-- ObservacionFCPPortalFedepalma -->
</testsuite> <!-- Default test -->
