<?xml version="1.0" encoding="UTF-8"?>
<testng-results ignored="6" total="7" passed="1" failed="0" skipped="0">
  <reporter-output>
  </reporter-output>
  <suite started-at="2022-11-10T16:40:58Z" name="Default suite" finished-at="2022-11-10T16:43:17Z" duration-ms="138872">
    <groups>
    </groups>
    <test started-at="2022-11-10T16:40:58Z" name="Default test" finished-at="2022-11-10T16:43:17Z" duration-ms="138872">
      <class name="com.AdministracionSolicitudesNuevos.test.BloqueantesUETest">
        <test-method is-config="true" signature="inicializar()[pri:0, instance:com.AdministracionSolicitudesNuevos.test.BloqueantesUETest@8f40022]" started-at="2022-11-10T16:40:58Z" name="inicializar" finished-at="2022-11-10T16:41:00Z" duration-ms="2461" status="PASS">
          <reporter-output>
          </reporter-output>
        </test-method> <!-- inicializar -->
        <test-method signature="QuitarPermisoEmailUE()[pri:0, instance:com.AdministracionSolicitudesNuevos.test.BloqueantesUETest@8f40022]" started-at="2022-11-10T16:41:00Z" name="QuitarPermisoEmailUE" description="Al quitar el permiso de enviar email, aunque muestre la imagen, el clic no permite enviar el correo." finished-at="2022-11-10T16:43:16Z" duration-ms="136006" status="PASS">
          <reporter-output>
          </reporter-output>
        </test-method> <!-- QuitarPermisoEmailUE -->
        <test-method is-config="true" signature="tearDown()[pri:0, instance:com.AdministracionSolicitudesNuevos.test.BloqueantesUETest@8f40022]" started-at="2022-11-10T16:43:16Z" name="tearDown" finished-at="2022-11-10T16:43:17Z" duration-ms="172" status="PASS">
          <reporter-output>
          </reporter-output>
        </test-method> <!-- tearDown -->
      </class> <!-- com.AdministracionSolicitudesNuevos.test.BloqueantesUETest -->
    </test> <!-- Default test -->
  </suite> <!-- Default suite -->
</testng-results>
